14-Sep-2023 08:32:07.894 INFO [main] org.apache.catalina.startup.VersionLoggerListener.log Nombre de la versión del servidor: Apache Tomcat/10.1.13
14-Sep-2023 08:32:07.898 INFO [main] org.apache.catalina.startup.VersionLoggerListener.log Server built:                      Aug 23 2023 21:34:59 UTC
14-Sep-2023 08:32:07.898 INFO [main] org.apache.catalina.startup.VersionLoggerListener.log Número de versión de servidor:     10.1.13.0
14-Sep-2023 08:32:07.898 INFO [main] org.apache.catalina.startup.VersionLoggerListener.log OS Name:                           Windows 11
14-Sep-2023 08:32:07.898 INFO [main] org.apache.catalina.startup.VersionLoggerListener.log Versión de Systema Operativo:      10.0
14-Sep-2023 08:32:07.898 INFO [main] org.apache.catalina.startup.VersionLoggerListener.log Arquitectura:                      amd64
14-Sep-2023 08:32:07.899 INFO [main] org.apache.catalina.startup.VersionLoggerListener.log Java Home:                         C:\Program Files\Java\jdk-20
14-Sep-2023 08:32:07.899 INFO [main] org.apache.catalina.startup.VersionLoggerListener.log JVM Version:                       20.0.2+9-78
14-Sep-2023 08:32:07.899 INFO [main] org.apache.catalina.startup.VersionLoggerListener.log Vededor JVM:                       Oracle Corporation
14-Sep-2023 08:32:07.899 INFO [main] org.apache.catalina.startup.VersionLoggerListener.log CATALINA_BASE:                     C:\Users\gasto\Documents\GitHub\ProjectPap-Frontend\apache-tomcat-10.1.13
14-Sep-2023 08:32:07.899 INFO [main] org.apache.catalina.startup.VersionLoggerListener.log CATALINA_HOME:                     C:\Users\gasto\Documents\GitHub\ProjectPap-Frontend\apache-tomcat-10.1.13
14-Sep-2023 08:32:07.909 INFO [main] org.apache.catalina.startup.VersionLoggerListener.log Command line argument:             -Djava.util.logging.config.file=C:\Users\gasto\Documents\GitHub\ProjectPap-Frontend\apache-tomcat-10.1.13\conf\logging.properties
14-Sep-2023 08:32:07.909 INFO [main] org.apache.catalina.startup.VersionLoggerListener.log Command line argument:             -Djava.util.logging.manager=org.apache.juli.ClassLoaderLogManager
14-Sep-2023 08:32:07.909 INFO [main] org.apache.catalina.startup.VersionLoggerListener.log Command line argument:             -Djdk.tls.ephemeralDHKeySize=2048
14-Sep-2023 08:32:07.909 INFO [main] org.apache.catalina.startup.VersionLoggerListener.log Command line argument:             -Djava.protocol.handler.pkgs=org.apache.catalina.webresources
14-Sep-2023 08:32:07.909 INFO [main] org.apache.catalina.startup.VersionLoggerListener.log Command line argument:             --add-opens=java.base/java.lang=ALL-UNNAMED
14-Sep-2023 08:32:07.909 INFO [main] org.apache.catalina.startup.VersionLoggerListener.log Command line argument:             --add-opens=java.base/java.io=ALL-UNNAMED
14-Sep-2023 08:32:07.909 INFO [main] org.apache.catalina.startup.VersionLoggerListener.log Command line argument:             --add-opens=java.base/java.util=ALL-UNNAMED
14-Sep-2023 08:32:07.910 INFO [main] org.apache.catalina.startup.VersionLoggerListener.log Command line argument:             --add-opens=java.base/java.util.concurrent=ALL-UNNAMED
14-Sep-2023 08:32:07.910 INFO [main] org.apache.catalina.startup.VersionLoggerListener.log Command line argument:             --add-opens=java.rmi/sun.rmi.transport=ALL-UNNAMED
14-Sep-2023 08:32:07.911 INFO [main] org.apache.catalina.startup.VersionLoggerListener.log Command line argument:             -Dcatalina.base=C:\Users\gasto\Documents\GitHub\ProjectPap-Frontend\apache-tomcat-10.1.13
14-Sep-2023 08:32:07.911 INFO [main] org.apache.catalina.startup.VersionLoggerListener.log Command line argument:             -Dcatalina.home=C:\Users\gasto\Documents\GitHub\ProjectPap-Frontend\apache-tomcat-10.1.13
14-Sep-2023 08:32:07.911 INFO [main] org.apache.catalina.startup.VersionLoggerListener.log Command line argument:             -Djava.io.tmpdir=C:\Users\gasto\Documents\GitHub\ProjectPap-Frontend\apache-tomcat-10.1.13\temp
14-Sep-2023 08:32:07.917 INFO [main] org.apache.catalina.core.AprLifecycleListener.lifecycleEvent Cargada la biblioteca nativa APR de Apache Tomcat [2.0.5] con la versión APR [1.7.4].
14-Sep-2023 08:32:07.919 INFO [main] org.apache.catalina.core.AprLifecycleListener.initializeSSL OpenSSL inicializado correctamente [OpenSSL 3.0.10 1 Aug 2023]
14-Sep-2023 08:32:08.273 INFO [main] org.apache.coyote.AbstractProtocol.init Inicializando el manejador de protocolo ["http-nio-8080"]

14-Sep-2023 08:32:08.314 INFO [main] org.apache.catalina.startup.Catalina.load Server initialization in [623] milliseconds
14-Sep-2023 08:32:08.393 INFO [main] org.apache.catalina.core.StandardService.startInternal Arrancando servicio [Catalina]
14-Sep-2023 08:32:08.393 INFO [main] org.apache.catalina.core.StandardEngine.startInternal Starting Servlet engine: [Apache Tomcat/10.1.13]
14-Sep-2023 08:32:08.408 INFO [main] org.apache.catalina.startup.HostConfig.deployDescriptor Desplieque del descriptor de configuración [C:\Users\gasto\Documents\GitHub\ProjectPap-Frontend\apache-tomcat-10.1.13\conf\Catalina\localhost\Gimnasio_Web.xml]
14-Sep-2023 08:32:08.440 WARNING [main] org.apache.catalina.startup.HostConfig.deployDescriptor The path attribute with value [/Gimnasio_Web] in deployment descriptor [C:\Users\gasto\Documents\GitHub\ProjectPap-Frontend\apache-tomcat-10.1.13\conf\Catalina\localhost\Gimnasio_Web.xml] has been ignored
14-Sep-2023 08:32:08.480 SEVERE [main] org.apache.catalina.startup.HostConfig.deployDescriptor Error durante el despliegue del descriptor de configuración [C:\Users\gasto\Documents\GitHub\ProjectPap-Frontend\apache-tomcat-10.1.13\conf\Catalina\localhost\Gimnasio_Web.xml]
	java.lang.IllegalStateException: Error starting child
		at org.apache.catalina.core.ContainerBase.addChildInternal(ContainerBase.java:686)
		at org.apache.catalina.core.ContainerBase.addChild(ContainerBase.java:658)
		at org.apache.catalina.core.StandardHost.addChild(StandardHost.java:713)
		at org.apache.catalina.startup.HostConfig.deployDescriptor(HostConfig.java:641)
		at org.apache.catalina.startup.HostConfig$DeployDescriptor.run(HostConfig.java:1927)
		at java.base/java.util.concurrent.Executors$RunnableAdapter.call(Executors.java:577)
		at java.base/java.util.concurrent.FutureTask.run(FutureTask.java:317)
		at org.apache.tomcat.util.threads.InlineExecutorService.execute(InlineExecutorService.java:75)
		at java.base/java.util.concurrent.AbstractExecutorService.submit(AbstractExecutorService.java:123)
		at org.apache.catalina.startup.HostConfig.deployDescriptors(HostConfig.java:534)
		at org.apache.catalina.startup.HostConfig.deployApps(HostConfig.java:424)
		at org.apache.catalina.startup.HostConfig.start(HostConfig.java:1656)
		at org.apache.catalina.startup.HostConfig.lifecycleEvent(HostConfig.java:309)
		at org.apache.catalina.util.LifecycleBase.fireLifecycleEvent(LifecycleBase.java:114)
		at org.apache.catalina.util.LifecycleBase.setStateInternal(LifecycleBase.java:402)
		at org.apache.catalina.util.LifecycleBase.setState(LifecycleBase.java:345)
		at org.apache.catalina.core.ContainerBase.startInternal(ContainerBase.java:893)
		at org.apache.catalina.core.StandardHost.startInternal(StandardHost.java:846)
		at org.apache.catalina.util.LifecycleBase.start(LifecycleBase.java:171)
		at org.apache.catalina.core.ContainerBase$StartChild.call(ContainerBase.java:1332)
		at org.apache.catalina.core.ContainerBase$StartChild.call(ContainerBase.java:1322)
		at java.base/java.util.concurrent.FutureTask.run(FutureTask.java:317)
		at org.apache.tomcat.util.threads.InlineExecutorService.execute(InlineExecutorService.java:75)
		at java.base/java.util.concurrent.AbstractExecutorService.submit(AbstractExecutorService.java:145)
		at org.apache.catalina.core.ContainerBase.startInternal(ContainerBase.java:866)
		at org.apache.catalina.core.StandardEngine.startInternal(StandardEngine.java:241)
		at org.apache.catalina.util.LifecycleBase.start(LifecycleBase.java:171)
		at org.apache.catalina.core.StandardService.startInternal(StandardService.java:433)
		at org.apache.catalina.util.LifecycleBase.start(LifecycleBase.java:171)
		at org.apache.catalina.core.StandardServer.startInternal(StandardServer.java:918)
		at org.apache.catalina.util.LifecycleBase.start(LifecycleBase.java:171)
		at org.apache.catalina.startup.Catalina.start(Catalina.java:795)
		at java.base/jdk.internal.reflect.DirectMethodHandleAccessor.invoke(DirectMethodHandleAccessor.java:104)
		at java.base/java.lang.reflect.Method.invoke(Method.java:578)
		at org.apache.catalina.startup.Bootstrap.start(Bootstrap.java:347)
		at org.apache.catalina.startup.Bootstrap.main(Bootstrap.java:478)
	Caused by: org.apache.catalina.LifecycleException: Failed to start component [org.apache.catalina.webresources.StandardRoot@56dc1551]
		at org.apache.catalina.util.LifecycleBase.handleSubClassException(LifecycleBase.java:419)
		at org.apache.catalina.util.LifecycleBase.start(LifecycleBase.java:186)
		at org.apache.catalina.core.StandardContext.resourcesStart(StandardContext.java:4535)
		at org.apache.catalina.core.StandardContext.startInternal(StandardContext.java:4668)
		at org.apache.catalina.util.LifecycleBase.start(LifecycleBase.java:171)
		at org.apache.catalina.core.ContainerBase.addChildInternal(ContainerBase.java:683)
		... 35 more
	Caused by: java.lang.IllegalArgumentException: The main resource set specified [C:\Users\Gaston\Documents\GitHub\ProjectPap-Frontend\target\Gimnasio_Web-1.0-SNAPSHOT] is not a directory or war file, or is not readable (it does not exist or permissions to access it are missing)
		at org.apache.catalina.webresources.StandardRoot.createMainResourceSet(StandardRoot.java:749)
		at org.apache.catalina.webresources.StandardRoot.startInternal(StandardRoot.java:707)
		at org.apache.catalina.util.LifecycleBase.start(LifecycleBase.java:171)
		... 39 more
14-Sep-2023 08:32:08.499 INFO [main] org.apache.catalina.startup.HostConfig.deployDescriptor Deployment of deployment descriptor [C:\Users\gasto\Documents\GitHub\ProjectPap-Frontend\apache-tomcat-10.1.13\conf\Catalina\localhost\Gimnasio_Web.xml] has finished in [77] ms
14-Sep-2023 08:32:08.502 INFO [main] org.apache.catalina.startup.HostConfig.deployDirectory Desplegando el directorio [C:\Users\gasto\Documents\GitHub\ProjectPap-Frontend\apache-tomcat-10.1.13\webapps\docs] de la aplicación web
14-Sep-2023 08:32:08.814 INFO [main] org.apache.catalina.startup.HostConfig.deployDirectory Deployment of web application directory [C:\Users\gasto\Documents\GitHub\ProjectPap-Frontend\apache-tomcat-10.1.13\webapps\docs] has finished in [312] ms
14-Sep-2023 08:32:08.814 INFO [main] org.apache.catalina.startup.HostConfig.deployDirectory Desplegando el directorio [C:\Users\gasto\Documents\GitHub\ProjectPap-Frontend\apache-tomcat-10.1.13\webapps\examples] de la aplicación web
14-Sep-2023 08:32:09.205 INFO [main] org.apache.catalina.startup.HostConfig.deployDirectory Deployment of web application directory [C:\Users\gasto\Documents\GitHub\ProjectPap-Frontend\apache-tomcat-10.1.13\webapps\examples] has finished in [391] ms
14-Sep-2023 08:32:09.205 INFO [main] org.apache.catalina.startup.HostConfig.deployDirectory Desplegando el directorio [C:\Users\gasto\Documents\GitHub\ProjectPap-Frontend\apache-tomcat-10.1.13\webapps\host-manager] de la aplicación web
14-Sep-2023 08:32:09.243 INFO [main] org.apache.catalina.startup.HostConfig.deployDirectory Deployment of web application directory [C:\Users\gasto\Documents\GitHub\ProjectPap-Frontend\apache-tomcat-10.1.13\webapps\host-manager] has finished in [38] ms
14-Sep-2023 08:32:09.244 INFO [main] org.apache.catalina.startup.HostConfig.deployDirectory Desplegando el directorio [C:\Users\gasto\Documents\GitHub\ProjectPap-Frontend\apache-tomcat-10.1.13\webapps\manager] de la aplicación web
14-Sep-2023 08:32:09.272 INFO [main] org.apache.catalina.startup.HostConfig.deployDirectory Deployment of web application directory [C:\Users\gasto\Documents\GitHub\ProjectPap-Frontend\apache-tomcat-10.1.13\webapps\manager] has finished in [28] ms
14-Sep-2023 08:32:09.272 INFO [main] org.apache.catalina.startup.HostConfig.deployDirectory Desplegando el directorio [C:\Users\gasto\Documents\GitHub\ProjectPap-Frontend\apache-tomcat-10.1.13\webapps\ROOT] de la aplicación web
14-Sep-2023 08:32:09.300 INFO [main] org.apache.catalina.startup.HostConfig.deployDirectory Deployment of web application directory [C:\Users\gasto\Documents\GitHub\ProjectPap-Frontend\apache-tomcat-10.1.13\webapps\ROOT] has finished in [28] ms
14-Sep-2023 08:32:09.305 INFO [main] org.apache.coyote.AbstractProtocol.start Starting ProtocolHandler ["http-nio-8080"]
14-Sep-2023 08:32:09.356 INFO [main] org.apache.catalina.startup.Catalina.start Server startup in [1040] milliseconds
14-Sep-2023 08:32:15.786 INFO [http-nio-8080-exec-10] org.apache.catalina.startup.HostConfig.undeploy Repliegue (undeploy) de la aplicación web que tiene como trayectoria de contexto [/Gimnasio_Web]
14-Sep-2023 08:32:15.818 INFO [http-nio-8080-exec-9] org.apache.catalina.startup.HostConfig.deployDescriptor Desplieque del descriptor de configuración [C:\Users\gasto\Documents\GitHub\ProjectPap-Frontend\apache-tomcat-10.1.13\conf\Catalina\localhost\Gimnasio_Web.xml]
14-Sep-2023 08:32:15.820 WARNING [http-nio-8080-exec-9] org.apache.catalina.startup.HostConfig.deployDescriptor The path attribute with value [/Gimnasio_Web] in deployment descriptor [C:\Users\gasto\Documents\GitHub\ProjectPap-Frontend\apache-tomcat-10.1.13\conf\Catalina\localhost\Gimnasio_Web.xml] has been ignored
14-Sep-2023 08:32:16.597 INFO [http-nio-8080-exec-9] org.apache.jasper.servlet.TldScanner.scanJars Al menos un JAR, que se ha explorado buscando TLDs, aún no contenía TLDs. Activar historial de depuración para este historiador para una completa lista de los JARs que fueron explorados y de los que nos se halló TLDs. Saltarse JARs no necesarios durante la exploración puede dar lugar a una mejora de tiempo significativa en el arranque y compilación de JSP .
14-Sep-2023 08:32:16.599 SEVERE [http-nio-8080-exec-9] org.apache.catalina.core.StandardContext.startInternal One or more listeners failed to start. Full details will be found in the appropriate container log file
14-Sep-2023 08:32:16.599 SEVERE [http-nio-8080-exec-9] org.apache.catalina.core.StandardContext.startInternal Falló en arranque del Contexto [/Gimnasio_Web] debido a errores previos
14-Sep-2023 08:32:16.609 INFO [http-nio-8080-exec-9] org.apache.catalina.startup.HostConfig.deployDescriptor Deployment of deployment descriptor [C:\Users\gasto\Documents\GitHub\ProjectPap-Frontend\apache-tomcat-10.1.13\conf\Catalina\localhost\Gimnasio_Web.xml] has finished in [790] ms
14-Sep-2023 08:32:31.721 INFO [http-nio-8080-exec-4] org.apache.catalina.util.LifecycleBase.stop The stop() method was called on component [StandardEngine[Catalina].StandardHost[localhost].StandardContext[/Gimnasio_Web]] after stop() had already been called. The second call will be ignored.
14-Sep-2023 08:32:32.227 INFO [http-nio-8080-exec-4] org.apache.catalina.startup.HostConfig.undeploy Repliegue (undeploy) de la aplicación web que tiene como trayectoria de contexto [/Gimnasio_Web]
14-Sep-2023 08:32:32.247 INFO [http-nio-8080-exec-5] org.apache.catalina.startup.HostConfig.deployDescriptor Desplieque del descriptor de configuración [C:\Users\gasto\Documents\GitHub\ProjectPap-Frontend\apache-tomcat-10.1.13\conf\Catalina\localhost\Gimnasio_Web.xml]
14-Sep-2023 08:32:32.248 WARNING [http-nio-8080-exec-5] org.apache.catalina.startup.HostConfig.deployDescriptor The path attribute with value [/Gimnasio_Web] in deployment descriptor [C:\Users\gasto\Documents\GitHub\ProjectPap-Frontend\apache-tomcat-10.1.13\conf\Catalina\localhost\Gimnasio_Web.xml] has been ignored
14-Sep-2023 08:32:32.964 INFO [http-nio-8080-exec-5] org.apache.jasper.servlet.TldScanner.scanJars Al menos un JAR, que se ha explorado buscando TLDs, aún no contenía TLDs. Activar historial de depuración para este historiador para una completa lista de los JARs que fueron explorados y de los que nos se halló TLDs. Saltarse JARs no necesarios durante la exploración puede dar lugar a una mejora de tiempo significativa en el arranque y compilación de JSP .
14-Sep-2023 08:32:32.965 SEVERE [http-nio-8080-exec-5] org.apache.catalina.core.StandardContext.startInternal One or more listeners failed to start. Full details will be found in the appropriate container log file
14-Sep-2023 08:32:32.967 SEVERE [http-nio-8080-exec-5] org.apache.catalina.core.StandardContext.startInternal Falló en arranque del Contexto [/Gimnasio_Web] debido a errores previos
14-Sep-2023 08:32:32.973 INFO [http-nio-8080-exec-5] org.apache.catalina.startup.HostConfig.deployDescriptor Deployment of deployment descriptor [C:\Users\gasto\Documents\GitHub\ProjectPap-Frontend\apache-tomcat-10.1.13\conf\Catalina\localhost\Gimnasio_Web.xml] has finished in [726] ms
14-Sep-2023 08:33:31.361 INFO [http-nio-8080-exec-3] org.apache.catalina.util.LifecycleBase.stop The stop() method was called on component [StandardEngine[Catalina].StandardHost[localhost].StandardContext[/Gimnasio_Web]] after stop() had already been called. The second call will be ignored.
14-Sep-2023 08:33:31.868 INFO [http-nio-8080-exec-3] org.apache.catalina.startup.HostConfig.undeploy Repliegue (undeploy) de la aplicación web que tiene como trayectoria de contexto [/Gimnasio_Web]
14-Sep-2023 08:33:31.885 INFO [http-nio-8080-exec-2] org.apache.catalina.startup.HostConfig.deployDescriptor Desplieque del descriptor de configuración [C:\Users\gasto\Documents\GitHub\ProjectPap-Frontend\apache-tomcat-10.1.13\conf\Catalina\localhost\Gimnasio_Web.xml]
14-Sep-2023 08:33:31.887 WARNING [http-nio-8080-exec-2] org.apache.catalina.startup.HostConfig.deployDescriptor The path attribute with value [/Gimnasio_Web] in deployment descriptor [C:\Users\gasto\Documents\GitHub\ProjectPap-Frontend\apache-tomcat-10.1.13\conf\Catalina\localhost\Gimnasio_Web.xml] has been ignored
14-Sep-2023 08:33:32.447 INFO [http-nio-8080-exec-2] org.apache.jasper.servlet.TldScanner.scanJars Al menos un JAR, que se ha explorado buscando TLDs, aún no contenía TLDs. Activar historial de depuración para este historiador para una completa lista de los JARs que fueron explorados y de los que nos se halló TLDs. Saltarse JARs no necesarios durante la exploración puede dar lugar a una mejora de tiempo significativa en el arranque y compilación de JSP .
14-Sep-2023 08:33:32.448 SEVERE [http-nio-8080-exec-2] org.apache.catalina.core.StandardContext.startInternal One or more listeners failed to start. Full details will be found in the appropriate container log file
14-Sep-2023 08:33:32.449 SEVERE [http-nio-8080-exec-2] org.apache.catalina.core.StandardContext.startInternal Falló en arranque del Contexto [/Gimnasio_Web] debido a errores previos
14-Sep-2023 08:33:32.453 INFO [http-nio-8080-exec-2] org.apache.catalina.startup.HostConfig.deployDescriptor Deployment of deployment descriptor [C:\Users\gasto\Documents\GitHub\ProjectPap-Frontend\apache-tomcat-10.1.13\conf\Catalina\localhost\Gimnasio_Web.xml] has finished in [568] ms
14-Sep-2023 08:34:29.497 INFO [Catalina-utility-2] org.apache.catalina.startup.HostConfig.reload Falló la recarga del contexto [/Gimnasio_Web]
14-Sep-2023 08:34:30.130 INFO [Catalina-utility-2] org.apache.jasper.servlet.TldScanner.scanJars Al menos un JAR, que se ha explorado buscando TLDs, aún no contenía TLDs. Activar historial de depuración para este historiador para una completa lista de los JARs que fueron explorados y de los que nos se halló TLDs. Saltarse JARs no necesarios durante la exploración puede dar lugar a una mejora de tiempo significativa en el arranque y compilación de JSP .
14-Sep-2023 08:34:30.137 SEVERE [Catalina-utility-2] org.apache.catalina.core.StandardContext.startInternal One or more listeners failed to start. Full details will be found in the appropriate container log file
14-Sep-2023 08:34:30.137 SEVERE [Catalina-utility-2] org.apache.catalina.core.StandardContext.startInternal Falló en arranque del Contexto [/Gimnasio_Web] debido a errores previos
14-Sep-2023 08:34:52.180 INFO [http-nio-8080-exec-17] org.apache.catalina.util.LifecycleBase.stop The stop() method was called on component [StandardEngine[Catalina].StandardHost[localhost].StandardContext[/Gimnasio_Web]] after stop() had already been called. The second call will be ignored.
14-Sep-2023 08:34:52.687 INFO [http-nio-8080-exec-17] org.apache.catalina.startup.HostConfig.undeploy Repliegue (undeploy) de la aplicación web que tiene como trayectoria de contexto [/Gimnasio_Web]
14-Sep-2023 08:34:52.716 INFO [http-nio-8080-exec-14] org.apache.catalina.startup.HostConfig.deployDescriptor Desplieque del descriptor de configuración [C:\Users\gasto\Documents\GitHub\ProjectPap-Frontend\apache-tomcat-10.1.13\conf\Catalina\localhost\Gimnasio_Web.xml]
14-Sep-2023 08:34:52.717 WARNING [http-nio-8080-exec-14] org.apache.catalina.startup.HostConfig.deployDescriptor The path attribute with value [/Gimnasio_Web] in deployment descriptor [C:\Users\gasto\Documents\GitHub\ProjectPap-Frontend\apache-tomcat-10.1.13\conf\Catalina\localhost\Gimnasio_Web.xml] has been ignored
14-Sep-2023 08:34:53.323 INFO [http-nio-8080-exec-14] org.apache.jasper.servlet.TldScanner.scanJars Al menos un JAR, que se ha explorado buscando TLDs, aún no contenía TLDs. Activar historial de depuración para este historiador para una completa lista de los JARs que fueron explorados y de los que nos se halló TLDs. Saltarse JARs no necesarios durante la exploración puede dar lugar a una mejora de tiempo significativa en el arranque y compilación de JSP .
14-Sep-2023 08:34:53.326 SEVERE [http-nio-8080-exec-14] org.apache.catalina.core.StandardContext.startInternal One or more listeners failed to start. Full details will be found in the appropriate container log file
14-Sep-2023 08:34:53.326 SEVERE [http-nio-8080-exec-14] org.apache.catalina.core.StandardContext.startInternal Falló en arranque del Contexto [/Gimnasio_Web] debido a errores previos
14-Sep-2023 08:34:53.330 INFO [http-nio-8080-exec-14] org.apache.catalina.startup.HostConfig.deployDescriptor Deployment of deployment descriptor [C:\Users\gasto\Documents\GitHub\ProjectPap-Frontend\apache-tomcat-10.1.13\conf\Catalina\localhost\Gimnasio_Web.xml] has finished in [614] ms
14-Sep-2023 08:35:19.516 INFO [main] org.apache.catalina.core.StandardServer.await Se ha recibido un comando de apagado a través del puerto de apagado. Parando la instancia del Servidor.
14-Sep-2023 08:35:19.516 INFO [main] org.apache.coyote.AbstractProtocol.pause Pausing ProtocolHandler ["http-nio-8080"]
14-Sep-2023 08:35:19.518 INFO [main] org.apache.catalina.core.StandardService.stopInternal Parando servicio [Catalina]
14-Sep-2023 08:35:19.537 INFO [main] org.apache.coyote.AbstractProtocol.stop Stopping ProtocolHandler ["http-nio-8080"]
14-Sep-2023 08:35:19.559 INFO [main] org.apache.coyote.AbstractProtocol.destroy Destroying ProtocolHandler ["http-nio-8080"]
14-Sep-2023 08:36:32.878 INFO [main] org.apache.catalina.startup.VersionLoggerListener.log Nombre de la versión del servidor: Apache Tomcat/10.1.13
14-Sep-2023 08:36:32.881 INFO [main] org.apache.catalina.startup.VersionLoggerListener.log Server built:                      Aug 23 2023 21:34:59 UTC
14-Sep-2023 08:36:32.881 INFO [main] org.apache.catalina.startup.VersionLoggerListener.log Número de versión de servidor:     10.1.13.0
14-Sep-2023 08:36:32.881 INFO [main] org.apache.catalina.startup.VersionLoggerListener.log OS Name:                           Windows 11
14-Sep-2023 08:36:32.881 INFO [main] org.apache.catalina.startup.VersionLoggerListener.log Versión de Systema Operativo:      10.0
14-Sep-2023 08:36:32.881 INFO [main] org.apache.catalina.startup.VersionLoggerListener.log Arquitectura:                      amd64
14-Sep-2023 08:36:32.881 INFO [main] org.apache.catalina.startup.VersionLoggerListener.log Java Home:                         C:\Program Files\Java\jdk-20
14-Sep-2023 08:36:32.881 INFO [main] org.apache.catalina.startup.VersionLoggerListener.log JVM Version:                       20.0.2+9-78
14-Sep-2023 08:36:32.881 INFO [main] org.apache.catalina.startup.VersionLoggerListener.log Vededor JVM:                       Oracle Corporation
14-Sep-2023 08:36:32.881 INFO [main] org.apache.catalina.startup.VersionLoggerListener.log CATALINA_BASE:                     C:\Users\gasto\Documents\GitHub\ProjectPap-Frontend\apache-tomcat-10.1.13
14-Sep-2023 08:36:32.881 INFO [main] org.apache.catalina.startup.VersionLoggerListener.log CATALINA_HOME:                     C:\Users\gasto\Documents\GitHub\ProjectPap-Frontend\apache-tomcat-10.1.13
14-Sep-2023 08:36:32.889 INFO [main] org.apache.catalina.startup.VersionLoggerListener.log Command line argument:             -Djava.util.logging.config.file=C:\Users\gasto\Documents\GitHub\ProjectPap-Frontend\apache-tomcat-10.1.13\conf\logging.properties
14-Sep-2023 08:36:32.889 INFO [main] org.apache.catalina.startup.VersionLoggerListener.log Command line argument:             -Djava.util.logging.manager=org.apache.juli.ClassLoaderLogManager
14-Sep-2023 08:36:32.889 INFO [main] org.apache.catalina.startup.VersionLoggerListener.log Command line argument:             -Djdk.tls.ephemeralDHKeySize=2048
14-Sep-2023 08:36:32.889 INFO [main] org.apache.catalina.startup.VersionLoggerListener.log Command line argument:             -Djava.protocol.handler.pkgs=org.apache.catalina.webresources
14-Sep-2023 08:36:32.889 INFO [main] org.apache.catalina.startup.VersionLoggerListener.log Command line argument:             --add-opens=java.base/java.lang=ALL-UNNAMED
14-Sep-2023 08:36:32.889 INFO [main] org.apache.catalina.startup.VersionLoggerListener.log Command line argument:             --add-opens=java.base/java.io=ALL-UNNAMED
14-Sep-2023 08:36:32.890 INFO [main] org.apache.catalina.startup.VersionLoggerListener.log Command line argument:             --add-opens=java.base/java.util=ALL-UNNAMED
14-Sep-2023 08:36:32.890 INFO [main] org.apache.catalina.startup.VersionLoggerListener.log Command line argument:             --add-opens=java.base/java.util.concurrent=ALL-UNNAMED
14-Sep-2023 08:36:32.890 INFO [main] org.apache.catalina.startup.VersionLoggerListener.log Command line argument:             --add-opens=java.rmi/sun.rmi.transport=ALL-UNNAMED
14-Sep-2023 08:36:32.890 INFO [main] org.apache.catalina.startup.VersionLoggerListener.log Command line argument:             -Dcatalina.base=C:\Users\gasto\Documents\GitHub\ProjectPap-Frontend\apache-tomcat-10.1.13
14-Sep-2023 08:36:32.890 INFO [main] org.apache.catalina.startup.VersionLoggerListener.log Command line argument:             -Dcatalina.home=C:\Users\gasto\Documents\GitHub\ProjectPap-Frontend\apache-tomcat-10.1.13
14-Sep-2023 08:36:32.890 INFO [main] org.apache.catalina.startup.VersionLoggerListener.log Command line argument:             -Djava.io.tmpdir=C:\Users\gasto\Documents\GitHub\ProjectPap-Frontend\apache-tomcat-10.1.13\temp
14-Sep-2023 08:36:32.892 INFO [main] org.apache.catalina.core.AprLifecycleListener.lifecycleEvent Cargada la biblioteca nativa APR de Apache Tomcat [2.0.5] con la versión APR [1.7.4].
14-Sep-2023 08:36:32.922 INFO [main] org.apache.catalina.core.AprLifecycleListener.initializeSSL OpenSSL inicializado correctamente [OpenSSL 3.0.10 1 Aug 2023]
14-Sep-2023 08:36:33.209 INFO [main] org.apache.coyote.AbstractProtocol.init Inicializando el manejador de protocolo ["http-nio-8080"]

14-Sep-2023 08:36:33.251 INFO [main] org.apache.catalina.startup.Catalina.load Server initialization in [581] milliseconds
14-Sep-2023 08:36:33.327 INFO [main] org.apache.catalina.core.StandardService.startInternal Arrancando servicio [Catalina]
14-Sep-2023 08:36:33.327 INFO [main] org.apache.catalina.core.StandardEngine.startInternal Starting Servlet engine: [Apache Tomcat/10.1.13]
14-Sep-2023 08:36:33.336 INFO [main] org.apache.catalina.startup.HostConfig.deployDescriptor Desplieque del descriptor de configuración [C:\Users\gasto\Documents\GitHub\ProjectPap-Frontend\apache-tomcat-10.1.13\conf\Catalina\localhost\Gimnasio_Web.xml]
14-Sep-2023 08:36:33.359 WARNING [main] org.apache.catalina.startup.HostConfig.deployDescriptor The path attribute with value [/Gimnasio_Web] in deployment descriptor [C:\Users\gasto\Documents\GitHub\ProjectPap-Frontend\apache-tomcat-10.1.13\conf\Catalina\localhost\Gimnasio_Web.xml] has been ignored
14-Sep-2023 08:36:34.452 INFO [main] org.apache.jasper.servlet.TldScanner.scanJars Al menos un JAR, que se ha explorado buscando TLDs, aún no contenía TLDs. Activar historial de depuración para este historiador para una completa lista de los JARs que fueron explorados y de los que nos se halló TLDs. Saltarse JARs no necesarios durante la exploración puede dar lugar a una mejora de tiempo significativa en el arranque y compilación de JSP .
14-Sep-2023 08:36:34.470 SEVERE [main] org.apache.catalina.core.StandardContext.startInternal One or more listeners failed to start. Full details will be found in the appropriate container log file
14-Sep-2023 08:36:34.512 SEVERE [main] org.apache.catalina.core.StandardContext.startInternal Falló en arranque del Contexto [/Gimnasio_Web] debido a errores previos
14-Sep-2023 08:36:34.523 INFO [main] org.apache.catalina.startup.HostConfig.deployDescriptor Deployment of deployment descriptor [C:\Users\gasto\Documents\GitHub\ProjectPap-Frontend\apache-tomcat-10.1.13\conf\Catalina\localhost\Gimnasio_Web.xml] has finished in [1.185] ms
14-Sep-2023 08:36:34.523 INFO [main] org.apache.catalina.startup.HostConfig.deployDirectory Desplegando el directorio [C:\Users\gasto\Documents\GitHub\ProjectPap-Frontend\apache-tomcat-10.1.13\webapps\docs] de la aplicación web
14-Sep-2023 08:36:34.561 INFO [main] org.apache.catalina.startup.HostConfig.deployDirectory Deployment of web application directory [C:\Users\gasto\Documents\GitHub\ProjectPap-Frontend\apache-tomcat-10.1.13\webapps\docs] has finished in [38] ms
14-Sep-2023 08:36:34.562 INFO [main] org.apache.catalina.startup.HostConfig.deployDirectory Desplegando el directorio [C:\Users\gasto\Documents\GitHub\ProjectPap-Frontend\apache-tomcat-10.1.13\webapps\examples] de la aplicación web
14-Sep-2023 08:36:34.825 INFO [main] org.apache.catalina.startup.HostConfig.deployDirectory Deployment of web application directory [C:\Users\gasto\Documents\GitHub\ProjectPap-Frontend\apache-tomcat-10.1.13\webapps\examples] has finished in [264] ms
14-Sep-2023 08:36:34.825 INFO [main] org.apache.catalina.startup.HostConfig.deployDirectory Desplegando el directorio [C:\Users\gasto\Documents\GitHub\ProjectPap-Frontend\apache-tomcat-10.1.13\webapps\host-manager] de la aplicación web
14-Sep-2023 08:36:34.870 INFO [main] org.apache.catalina.startup.HostConfig.deployDirectory Deployment of web application directory [C:\Users\gasto\Documents\GitHub\ProjectPap-Frontend\apache-tomcat-10.1.13\webapps\host-manager] has finished in [45] ms
14-Sep-2023 08:36:34.870 INFO [main] org.apache.catalina.startup.HostConfig.deployDirectory Desplegando el directorio [C:\Users\gasto\Documents\GitHub\ProjectPap-Frontend\apache-tomcat-10.1.13\webapps\manager] de la aplicación web
14-Sep-2023 08:36:34.915 INFO [main] org.apache.catalina.startup.HostConfig.deployDirectory Deployment of web application directory [C:\Users\gasto\Documents\GitHub\ProjectPap-Frontend\apache-tomcat-10.1.13\webapps\manager] has finished in [45] ms
14-Sep-2023 08:36:34.915 INFO [main] org.apache.catalina.startup.HostConfig.deployDirectory Desplegando el directorio [C:\Users\gasto\Documents\GitHub\ProjectPap-Frontend\apache-tomcat-10.1.13\webapps\ROOT] de la aplicación web
14-Sep-2023 08:36:34.935 INFO [main] org.apache.catalina.startup.HostConfig.deployDirectory Deployment of web application directory [C:\Users\gasto\Documents\GitHub\ProjectPap-Frontend\apache-tomcat-10.1.13\webapps\ROOT] has finished in [20] ms
14-Sep-2023 08:36:34.938 INFO [main] org.apache.coyote.AbstractProtocol.start Starting ProtocolHandler ["http-nio-8080"]
14-Sep-2023 08:36:34.977 INFO [main] org.apache.catalina.startup.Catalina.start Server startup in [1723] milliseconds
14-Sep-2023 08:36:36.885 INFO [http-nio-8080-exec-8] org.apache.catalina.util.LifecycleBase.stop The stop() method was called on component [StandardEngine[Catalina].StandardHost[localhost].StandardContext[/Gimnasio_Web]] after stop() had already been called. The second call will be ignored.
14-Sep-2023 08:36:37.392 INFO [http-nio-8080-exec-8] org.apache.catalina.startup.HostConfig.undeploy Repliegue (undeploy) de la aplicación web que tiene como trayectoria de contexto [/Gimnasio_Web]
14-Sep-2023 08:36:37.425 INFO [http-nio-8080-exec-6] org.apache.catalina.startup.HostConfig.deployDescriptor Desplieque del descriptor de configuración [C:\Users\gasto\Documents\GitHub\ProjectPap-Frontend\apache-tomcat-10.1.13\conf\Catalina\localhost\Gimnasio_Web.xml]
14-Sep-2023 08:36:37.426 WARNING [http-nio-8080-exec-6] org.apache.catalina.startup.HostConfig.deployDescriptor The path attribute with value [/Gimnasio_Web] in deployment descriptor [C:\Users\gasto\Documents\GitHub\ProjectPap-Frontend\apache-tomcat-10.1.13\conf\Catalina\localhost\Gimnasio_Web.xml] has been ignored
14-Sep-2023 08:36:38.159 INFO [http-nio-8080-exec-6] org.apache.jasper.servlet.TldScanner.scanJars Al menos un JAR, que se ha explorado buscando TLDs, aún no contenía TLDs. Activar historial de depuración para este historiador para una completa lista de los JARs que fueron explorados y de los que nos se halló TLDs. Saltarse JARs no necesarios durante la exploración puede dar lugar a una mejora de tiempo significativa en el arranque y compilación de JSP .
14-Sep-2023 08:36:38.161 SEVERE [http-nio-8080-exec-6] org.apache.catalina.core.StandardContext.startInternal One or more listeners failed to start. Full details will be found in the appropriate container log file
14-Sep-2023 08:36:38.165 SEVERE [http-nio-8080-exec-6] org.apache.catalina.core.StandardContext.startInternal Falló en arranque del Contexto [/Gimnasio_Web] debido a errores previos
14-Sep-2023 08:36:38.176 INFO [http-nio-8080-exec-6] org.apache.catalina.startup.HostConfig.deployDescriptor Deployment of deployment descriptor [C:\Users\gasto\Documents\GitHub\ProjectPap-Frontend\apache-tomcat-10.1.13\conf\Catalina\localhost\Gimnasio_Web.xml] has finished in [750] ms
14-Sep-2023 08:38:40.816 INFO [http-nio-8080-exec-13] org.apache.catalina.util.LifecycleBase.stop The stop() method was called on component [StandardEngine[Catalina].StandardHost[localhost].StandardContext[/Gimnasio_Web]] after stop() had already been called. The second call will be ignored.
14-Sep-2023 08:38:41.326 INFO [http-nio-8080-exec-13] org.apache.catalina.startup.HostConfig.undeploy Repliegue (undeploy) de la aplicación web que tiene como trayectoria de contexto [/Gimnasio_Web]
14-Sep-2023 08:38:41.342 INFO [http-nio-8080-exec-4] org.apache.catalina.startup.HostConfig.deployDescriptor Desplieque del descriptor de configuración [C:\Users\gasto\Documents\GitHub\ProjectPap-Frontend\apache-tomcat-10.1.13\conf\Catalina\localhost\Gimnasio_Web.xml]
14-Sep-2023 08:38:41.342 WARNING [http-nio-8080-exec-4] org.apache.catalina.startup.HostConfig.deployDescriptor The path attribute with value [/Gimnasio_Web] in deployment descriptor [C:\Users\gasto\Documents\GitHub\ProjectPap-Frontend\apache-tomcat-10.1.13\conf\Catalina\localhost\Gimnasio_Web.xml] has been ignored
14-Sep-2023 08:38:42.093 INFO [http-nio-8080-exec-4] org.apache.jasper.servlet.TldScanner.scanJars Al menos un JAR, que se ha explorado buscando TLDs, aún no contenía TLDs. Activar historial de depuración para este historiador para una completa lista de los JARs que fueron explorados y de los que nos se halló TLDs. Saltarse JARs no necesarios durante la exploración puede dar lugar a una mejora de tiempo significativa en el arranque y compilación de JSP .
14-Sep-2023 08:38:42.095 SEVERE [http-nio-8080-exec-4] org.apache.catalina.core.StandardContext.startInternal One or more listeners failed to start. Full details will be found in the appropriate container log file
14-Sep-2023 08:38:42.095 SEVERE [http-nio-8080-exec-4] org.apache.catalina.core.StandardContext.startInternal Falló en arranque del Contexto [/Gimnasio_Web] debido a errores previos
14-Sep-2023 08:38:42.100 INFO [http-nio-8080-exec-4] org.apache.catalina.startup.HostConfig.deployDescriptor Deployment of deployment descriptor [C:\Users\gasto\Documents\GitHub\ProjectPap-Frontend\apache-tomcat-10.1.13\conf\Catalina\localhost\Gimnasio_Web.xml] has finished in [757] ms
14-Sep-2023 08:38:55.810 INFO [main] org.apache.catalina.core.StandardServer.await Se ha recibido un comando de apagado a través del puerto de apagado. Parando la instancia del Servidor.
14-Sep-2023 08:38:55.811 INFO [main] org.apache.coyote.AbstractProtocol.pause Pausing ProtocolHandler ["http-nio-8080"]
14-Sep-2023 08:38:55.816 INFO [main] org.apache.catalina.core.StandardService.stopInternal Parando servicio [Catalina]
14-Sep-2023 08:38:55.837 INFO [main] org.apache.coyote.AbstractProtocol.stop Stopping ProtocolHandler ["http-nio-8080"]
14-Sep-2023 08:38:55.848 INFO [main] org.apache.coyote.AbstractProtocol.destroy Destroying ProtocolHandler ["http-nio-8080"]
14-Sep-2023 08:39:10.090 INFO [main] org.apache.catalina.startup.VersionLoggerListener.log Nombre de la versión del servidor: Apache Tomcat/10.1.13
14-Sep-2023 08:39:10.093 INFO [main] org.apache.catalina.startup.VersionLoggerListener.log Server built:                      Aug 23 2023 21:34:59 UTC
14-Sep-2023 08:39:10.093 INFO [main] org.apache.catalina.startup.VersionLoggerListener.log Número de versión de servidor:     10.1.13.0
14-Sep-2023 08:39:10.093 INFO [main] org.apache.catalina.startup.VersionLoggerListener.log OS Name:                           Windows 11
14-Sep-2023 08:39:10.093 INFO [main] org.apache.catalina.startup.VersionLoggerListener.log Versión de Systema Operativo:      10.0
14-Sep-2023 08:39:10.093 INFO [main] org.apache.catalina.startup.VersionLoggerListener.log Arquitectura:                      amd64
14-Sep-2023 08:39:10.093 INFO [main] org.apache.catalina.startup.VersionLoggerListener.log Java Home:                         C:\Program Files\Java\jdk-20
14-Sep-2023 08:39:10.093 INFO [main] org.apache.catalina.startup.VersionLoggerListener.log JVM Version:                       20.0.2+9-78
14-Sep-2023 08:39:10.093 INFO [main] org.apache.catalina.startup.VersionLoggerListener.log Vededor JVM:                       Oracle Corporation
14-Sep-2023 08:39:10.093 INFO [main] org.apache.catalina.startup.VersionLoggerListener.log CATALINA_BASE:                     C:\Users\gasto\Documents\GitHub\ProjectPap-Frontend\apache-tomcat-10.1.13
14-Sep-2023 08:39:10.093 INFO [main] org.apache.catalina.startup.VersionLoggerListener.log CATALINA_HOME:                     C:\Users\gasto\Documents\GitHub\ProjectPap-Frontend\apache-tomcat-10.1.13
14-Sep-2023 08:39:10.093 INFO [main] org.apache.catalina.startup.VersionLoggerListener.log Command line argument:             -Djava.util.logging.config.file=C:\Users\gasto\Documents\GitHub\ProjectPap-Frontend\apache-tomcat-10.1.13\conf\logging.properties
14-Sep-2023 08:39:10.093 INFO [main] org.apache.catalina.startup.VersionLoggerListener.log Command line argument:             -Djava.util.logging.manager=org.apache.juli.ClassLoaderLogManager
14-Sep-2023 08:39:10.093 INFO [main] org.apache.catalina.startup.VersionLoggerListener.log Command line argument:             -Djdk.tls.ephemeralDHKeySize=2048
14-Sep-2023 08:39:10.093 INFO [main] org.apache.catalina.startup.VersionLoggerListener.log Command line argument:             -Djava.protocol.handler.pkgs=org.apache.catalina.webresources
14-Sep-2023 08:39:10.093 INFO [main] org.apache.catalina.startup.VersionLoggerListener.log Command line argument:             --add-opens=java.base/java.lang=ALL-UNNAMED
14-Sep-2023 08:39:10.093 INFO [main] org.apache.catalina.startup.VersionLoggerListener.log Command line argument:             --add-opens=java.base/java.io=ALL-UNNAMED
14-Sep-2023 08:39:10.093 INFO [main] org.apache.catalina.startup.VersionLoggerListener.log Command line argument:             --add-opens=java.base/java.util=ALL-UNNAMED
14-Sep-2023 08:39:10.093 INFO [main] org.apache.catalina.startup.VersionLoggerListener.log Command line argument:             --add-opens=java.base/java.util.concurrent=ALL-UNNAMED
14-Sep-2023 08:39:10.093 INFO [main] org.apache.catalina.startup.VersionLoggerListener.log Command line argument:             --add-opens=java.rmi/sun.rmi.transport=ALL-UNNAMED
14-Sep-2023 08:39:10.093 INFO [main] org.apache.catalina.startup.VersionLoggerListener.log Command line argument:             -Dcatalina.base=C:\Users\gasto\Documents\GitHub\ProjectPap-Frontend\apache-tomcat-10.1.13
14-Sep-2023 08:39:10.093 INFO [main] org.apache.catalina.startup.VersionLoggerListener.log Command line argument:             -Dcatalina.home=C:\Users\gasto\Documents\GitHub\ProjectPap-Frontend\apache-tomcat-10.1.13
14-Sep-2023 08:39:10.093 INFO [main] org.apache.catalina.startup.VersionLoggerListener.log Command line argument:             -Djava.io.tmpdir=C:\Users\gasto\Documents\GitHub\ProjectPap-Frontend\apache-tomcat-10.1.13\temp
14-Sep-2023 08:39:10.093 INFO [main] org.apache.catalina.core.AprLifecycleListener.lifecycleEvent Cargada la biblioteca nativa APR de Apache Tomcat [2.0.5] con la versión APR [1.7.4].
14-Sep-2023 08:39:10.151 INFO [main] org.apache.catalina.core.AprLifecycleListener.initializeSSL OpenSSL inicializado correctamente [OpenSSL 3.0.10 1 Aug 2023]
14-Sep-2023 08:39:10.403 INFO [main] org.apache.coyote.AbstractProtocol.init Inicializando el manejador de protocolo ["http-nio-8080"]

14-Sep-2023 08:39:10.422 INFO [main] org.apache.catalina.startup.Catalina.load Server initialization in [506] milliseconds
14-Sep-2023 08:39:10.464 INFO [main] org.apache.catalina.core.StandardService.startInternal Arrancando servicio [Catalina]
14-Sep-2023 08:39:10.464 INFO [main] org.apache.catalina.core.StandardEngine.startInternal Starting Servlet engine: [Apache Tomcat/10.1.13]
14-Sep-2023 08:39:10.485 INFO [main] org.apache.catalina.startup.HostConfig.deployDescriptor Desplieque del descriptor de configuración [C:\Users\gasto\Documents\GitHub\ProjectPap-Frontend\apache-tomcat-10.1.13\conf\Catalina\localhost\Gimnasio_Web.xml]
14-Sep-2023 08:39:10.517 WARNING [main] org.apache.catalina.startup.HostConfig.deployDescriptor The path attribute with value [/Gimnasio_Web] in deployment descriptor [C:\Users\gasto\Documents\GitHub\ProjectPap-Frontend\apache-tomcat-10.1.13\conf\Catalina\localhost\Gimnasio_Web.xml] has been ignored
14-Sep-2023 08:39:11.565 INFO [main] org.apache.jasper.servlet.TldScanner.scanJars Al menos un JAR, que se ha explorado buscando TLDs, aún no contenía TLDs. Activar historial de depuración para este historiador para una completa lista de los JARs que fueron explorados y de los que nos se halló TLDs. Saltarse JARs no necesarios durante la exploración puede dar lugar a una mejora de tiempo significativa en el arranque y compilación de JSP .
14-Sep-2023 08:39:11.589 SEVERE [main] org.apache.catalina.core.StandardContext.startInternal One or more listeners failed to start. Full details will be found in the appropriate container log file
14-Sep-2023 08:39:11.621 SEVERE [main] org.apache.catalina.core.StandardContext.startInternal Falló en arranque del Contexto [/Gimnasio_Web] debido a errores previos
14-Sep-2023 08:39:11.632 INFO [main] org.apache.catalina.startup.HostConfig.deployDescriptor Deployment of deployment descriptor [C:\Users\gasto\Documents\GitHub\ProjectPap-Frontend\apache-tomcat-10.1.13\conf\Catalina\localhost\Gimnasio_Web.xml] has finished in [1.146] ms
14-Sep-2023 08:39:11.633 INFO [main] org.apache.catalina.startup.HostConfig.deployDirectory Desplegando el directorio [C:\Users\gasto\Documents\GitHub\ProjectPap-Frontend\apache-tomcat-10.1.13\webapps\docs] de la aplicación web
14-Sep-2023 08:39:11.669 INFO [main] org.apache.catalina.startup.HostConfig.deployDirectory Deployment of web application directory [C:\Users\gasto\Documents\GitHub\ProjectPap-Frontend\apache-tomcat-10.1.13\webapps\docs] has finished in [36] ms
14-Sep-2023 08:39:11.670 INFO [main] org.apache.catalina.startup.HostConfig.deployDirectory Desplegando el directorio [C:\Users\gasto\Documents\GitHub\ProjectPap-Frontend\apache-tomcat-10.1.13\webapps\examples] de la aplicación web
14-Sep-2023 08:39:11.949 INFO [main] org.apache.catalina.startup.HostConfig.deployDirectory Deployment of web application directory [C:\Users\gasto\Documents\GitHub\ProjectPap-Frontend\apache-tomcat-10.1.13\webapps\examples] has finished in [279] ms
14-Sep-2023 08:39:11.950 INFO [main] org.apache.catalina.startup.HostConfig.deployDirectory Desplegando el directorio [C:\Users\gasto\Documents\GitHub\ProjectPap-Frontend\apache-tomcat-10.1.13\webapps\host-manager] de la aplicación web
14-Sep-2023 08:39:11.983 INFO [main] org.apache.catalina.startup.HostConfig.deployDirectory Deployment of web application directory [C:\Users\gasto\Documents\GitHub\ProjectPap-Frontend\apache-tomcat-10.1.13\webapps\host-manager] has finished in [31] ms
14-Sep-2023 08:39:11.983 INFO [main] org.apache.catalina.startup.HostConfig.deployDirectory Desplegando el directorio [C:\Users\gasto\Documents\GitHub\ProjectPap-Frontend\apache-tomcat-10.1.13\webapps\manager] de la aplicación web
14-Sep-2023 08:39:12.020 INFO [main] org.apache.catalina.startup.HostConfig.deployDirectory Deployment of web application directory [C:\Users\gasto\Documents\GitHub\ProjectPap-Frontend\apache-tomcat-10.1.13\webapps\manager] has finished in [36] ms
14-Sep-2023 08:39:12.020 INFO [main] org.apache.catalina.startup.HostConfig.deployDirectory Desplegando el directorio [C:\Users\gasto\Documents\GitHub\ProjectPap-Frontend\apache-tomcat-10.1.13\webapps\ROOT] de la aplicación web
14-Sep-2023 08:39:12.037 INFO [main] org.apache.catalina.startup.HostConfig.deployDirectory Deployment of web application directory [C:\Users\gasto\Documents\GitHub\ProjectPap-Frontend\apache-tomcat-10.1.13\webapps\ROOT] has finished in [17] ms
14-Sep-2023 08:39:12.039 INFO [main] org.apache.coyote.AbstractProtocol.start Starting ProtocolHandler ["http-nio-8080"]
14-Sep-2023 08:39:12.075 INFO [main] org.apache.catalina.startup.Catalina.start Server startup in [1652] milliseconds
14-Sep-2023 08:39:12.175 INFO [http-nio-8080-exec-5] org.apache.catalina.util.LifecycleBase.stop The stop() method was called on component [StandardEngine[Catalina].StandardHost[localhost].StandardContext[/Gimnasio_Web]] after stop() had already been called. The second call will be ignored.
14-Sep-2023 08:39:12.680 INFO [http-nio-8080-exec-5] org.apache.catalina.startup.HostConfig.undeploy Repliegue (undeploy) de la aplicación web que tiene como trayectoria de contexto [/Gimnasio_Web]
14-Sep-2023 08:39:12.708 INFO [http-nio-8080-exec-2] org.apache.catalina.startup.HostConfig.deployDescriptor Desplieque del descriptor de configuración [C:\Users\gasto\Documents\GitHub\ProjectPap-Frontend\apache-tomcat-10.1.13\conf\Catalina\localhost\Gimnasio_Web.xml]
14-Sep-2023 08:39:12.710 WARNING [http-nio-8080-exec-2] org.apache.catalina.startup.HostConfig.deployDescriptor The path attribute with value [/Gimnasio_Web] in deployment descriptor [C:\Users\gasto\Documents\GitHub\ProjectPap-Frontend\apache-tomcat-10.1.13\conf\Catalina\localhost\Gimnasio_Web.xml] has been ignored
14-Sep-2023 08:39:13.476 INFO [http-nio-8080-exec-2] org.apache.jasper.servlet.TldScanner.scanJars Al menos un JAR, que se ha explorado buscando TLDs, aún no contenía TLDs. Activar historial de depuración para este historiador para una completa lista de los JARs que fueron explorados y de los que nos se halló TLDs. Saltarse JARs no necesarios durante la exploración puede dar lugar a una mejora de tiempo significativa en el arranque y compilación de JSP .
14-Sep-2023 08:39:13.476 SEVERE [http-nio-8080-exec-2] org.apache.catalina.core.StandardContext.startInternal One or more listeners failed to start. Full details will be found in the appropriate container log file
14-Sep-2023 08:39:13.476 SEVERE [http-nio-8080-exec-2] org.apache.catalina.core.StandardContext.startInternal Falló en arranque del Contexto [/Gimnasio_Web] debido a errores previos
14-Sep-2023 08:39:13.476 INFO [http-nio-8080-exec-2] org.apache.catalina.startup.HostConfig.deployDescriptor Deployment of deployment descriptor [C:\Users\gasto\Documents\GitHub\ProjectPap-Frontend\apache-tomcat-10.1.13\conf\Catalina\localhost\Gimnasio_Web.xml] has finished in [768] ms
14-Sep-2023 08:42:01.121 INFO [http-nio-8080-exec-15] org.apache.catalina.util.LifecycleBase.stop The stop() method was called on component [StandardEngine[Catalina].StandardHost[localhost].StandardContext[/Gimnasio_Web]] after stop() had already been called. The second call will be ignored.
14-Sep-2023 08:42:01.635 INFO [http-nio-8080-exec-15] org.apache.catalina.startup.HostConfig.undeploy Repliegue (undeploy) de la aplicación web que tiene como trayectoria de contexto [/Gimnasio_Web]
14-Sep-2023 08:42:01.655 INFO [http-nio-8080-exec-1] org.apache.catalina.startup.HostConfig.deployDescriptor Desplieque del descriptor de configuración [C:\Users\gasto\Documents\GitHub\ProjectPap-Frontend\apache-tomcat-10.1.13\conf\Catalina\localhost\Gimnasio_Web.xml]
14-Sep-2023 08:42:01.656 WARNING [http-nio-8080-exec-1] org.apache.catalina.startup.HostConfig.deployDescriptor The path attribute with value [/Gimnasio_Web] in deployment descriptor [C:\Users\gasto\Documents\GitHub\ProjectPap-Frontend\apache-tomcat-10.1.13\conf\Catalina\localhost\Gimnasio_Web.xml] has been ignored
14-Sep-2023 08:42:02.349 INFO [http-nio-8080-exec-1] org.apache.jasper.servlet.TldScanner.scanJars Al menos un JAR, que se ha explorado buscando TLDs, aún no contenía TLDs. Activar historial de depuración para este historiador para una completa lista de los JARs que fueron explorados y de los que nos se halló TLDs. Saltarse JARs no necesarios durante la exploración puede dar lugar a una mejora de tiempo significativa en el arranque y compilación de JSP .
14-Sep-2023 08:42:02.350 SEVERE [http-nio-8080-exec-1] org.apache.catalina.core.StandardContext.startInternal One or more listeners failed to start. Full details will be found in the appropriate container log file
14-Sep-2023 08:42:02.350 SEVERE [http-nio-8080-exec-1] org.apache.catalina.core.StandardContext.startInternal Falló en arranque del Contexto [/Gimnasio_Web] debido a errores previos
14-Sep-2023 08:42:02.355 INFO [http-nio-8080-exec-1] org.apache.catalina.startup.HostConfig.deployDescriptor Deployment of deployment descriptor [C:\Users\gasto\Documents\GitHub\ProjectPap-Frontend\apache-tomcat-10.1.13\conf\Catalina\localhost\Gimnasio_Web.xml] has finished in [700] ms
14-Sep-2023 08:46:34.374 INFO [main] org.apache.catalina.core.StandardServer.await Se ha recibido un comando de apagado a través del puerto de apagado. Parando la instancia del Servidor.
14-Sep-2023 08:46:34.375 INFO [main] org.apache.coyote.AbstractProtocol.pause Pausing ProtocolHandler ["http-nio-8080"]
14-Sep-2023 08:46:34.381 INFO [main] org.apache.catalina.core.StandardService.stopInternal Parando servicio [Catalina]
14-Sep-2023 08:46:34.394 INFO [main] org.apache.coyote.AbstractProtocol.stop Stopping ProtocolHandler ["http-nio-8080"]
14-Sep-2023 08:46:34.414 INFO [main] org.apache.coyote.AbstractProtocol.destroy Destroying ProtocolHandler ["http-nio-8080"]
14-Sep-2023 08:46:44.540 INFO [main] org.apache.catalina.startup.VersionLoggerListener.log Nombre de la versión del servidor: Apache Tomcat/10.1.13
14-Sep-2023 08:46:44.543 INFO [main] org.apache.catalina.startup.VersionLoggerListener.log Server built:                      Aug 23 2023 21:34:59 UTC
14-Sep-2023 08:46:44.543 INFO [main] org.apache.catalina.startup.VersionLoggerListener.log Número de versión de servidor:     10.1.13.0
14-Sep-2023 08:46:44.543 INFO [main] org.apache.catalina.startup.VersionLoggerListener.log OS Name:                           Windows 11
14-Sep-2023 08:46:44.543 INFO [main] org.apache.catalina.startup.VersionLoggerListener.log Versión de Systema Operativo:      10.0
14-Sep-2023 08:46:44.543 INFO [main] org.apache.catalina.startup.VersionLoggerListener.log Arquitectura:                      amd64
14-Sep-2023 08:46:44.543 INFO [main] org.apache.catalina.startup.VersionLoggerListener.log Java Home:                         C:\Program Files\Java\jdk-20
14-Sep-2023 08:46:44.543 INFO [main] org.apache.catalina.startup.VersionLoggerListener.log JVM Version:                       20.0.2+9-78
14-Sep-2023 08:46:44.543 INFO [main] org.apache.catalina.startup.VersionLoggerListener.log Vededor JVM:                       Oracle Corporation
14-Sep-2023 08:46:44.543 INFO [main] org.apache.catalina.startup.VersionLoggerListener.log CATALINA_BASE:                     C:\Users\gasto\Documents\GitHub\ProjectPap-Frontend\apache-tomcat-10.1.13
14-Sep-2023 08:46:44.543 INFO [main] org.apache.catalina.startup.VersionLoggerListener.log CATALINA_HOME:                     C:\Users\gasto\Documents\GitHub\ProjectPap-Frontend\apache-tomcat-10.1.13
14-Sep-2023 08:46:44.551 INFO [main] org.apache.catalina.startup.VersionLoggerListener.log Command line argument:             -Djava.util.logging.config.file=C:\Users\gasto\Documents\GitHub\ProjectPap-Frontend\apache-tomcat-10.1.13\conf\logging.properties
14-Sep-2023 08:46:44.551 INFO [main] org.apache.catalina.startup.VersionLoggerListener.log Command line argument:             -Djava.util.logging.manager=org.apache.juli.ClassLoaderLogManager
14-Sep-2023 08:46:44.551 INFO [main] org.apache.catalina.startup.VersionLoggerListener.log Command line argument:             -Djdk.tls.ephemeralDHKeySize=2048
14-Sep-2023 08:46:44.551 INFO [main] org.apache.catalina.startup.VersionLoggerListener.log Command line argument:             -Djava.protocol.handler.pkgs=org.apache.catalina.webresources
14-Sep-2023 08:46:44.551 INFO [main] org.apache.catalina.startup.VersionLoggerListener.log Command line argument:             --add-opens=java.base/java.lang=ALL-UNNAMED
14-Sep-2023 08:46:44.551 INFO [main] org.apache.catalina.startup.VersionLoggerListener.log Command line argument:             --add-opens=java.base/java.io=ALL-UNNAMED
14-Sep-2023 08:46:44.551 INFO [main] org.apache.catalina.startup.VersionLoggerListener.log Command line argument:             --add-opens=java.base/java.util=ALL-UNNAMED
14-Sep-2023 08:46:44.551 INFO [main] org.apache.catalina.startup.VersionLoggerListener.log Command line argument:             --add-opens=java.base/java.util.concurrent=ALL-UNNAMED
14-Sep-2023 08:46:44.551 INFO [main] org.apache.catalina.startup.VersionLoggerListener.log Command line argument:             --add-opens=java.rmi/sun.rmi.transport=ALL-UNNAMED
14-Sep-2023 08:46:44.551 INFO [main] org.apache.catalina.startup.VersionLoggerListener.log Command line argument:             -Dcatalina.base=C:\Users\gasto\Documents\GitHub\ProjectPap-Frontend\apache-tomcat-10.1.13
14-Sep-2023 08:46:44.551 INFO [main] org.apache.catalina.startup.VersionLoggerListener.log Command line argument:             -Dcatalina.home=C:\Users\gasto\Documents\GitHub\ProjectPap-Frontend\apache-tomcat-10.1.13
14-Sep-2023 08:46:44.551 INFO [main] org.apache.catalina.startup.VersionLoggerListener.log Command line argument:             -Djava.io.tmpdir=C:\Users\gasto\Documents\GitHub\ProjectPap-Frontend\apache-tomcat-10.1.13\temp
14-Sep-2023 08:46:44.551 INFO [main] org.apache.catalina.core.AprLifecycleListener.lifecycleEvent Cargada la biblioteca nativa APR de Apache Tomcat [2.0.5] con la versión APR [1.7.4].
14-Sep-2023 08:46:44.641 INFO [main] org.apache.catalina.core.AprLifecycleListener.initializeSSL OpenSSL inicializado correctamente [OpenSSL 3.0.10 1 Aug 2023]
14-Sep-2023 08:46:44.952 INFO [main] org.apache.coyote.AbstractProtocol.init Inicializando el manejador de protocolo ["http-nio-8080"]

14-Sep-2023 08:46:44.971 INFO [main] org.apache.catalina.startup.Catalina.load Server initialization in [601] milliseconds
14-Sep-2023 08:46:45.012 INFO [main] org.apache.catalina.core.StandardService.startInternal Arrancando servicio [Catalina]
14-Sep-2023 08:46:45.012 INFO [main] org.apache.catalina.core.StandardEngine.startInternal Starting Servlet engine: [Apache Tomcat/10.1.13]
14-Sep-2023 08:46:45.012 INFO [main] org.apache.catalina.startup.HostConfig.deployDescriptor Desplieque del descriptor de configuración [C:\Users\gasto\Documents\GitHub\ProjectPap-Frontend\apache-tomcat-10.1.13\conf\Catalina\localhost\Gimnasio_Web.xml]
14-Sep-2023 08:46:45.051 WARNING [main] org.apache.catalina.startup.HostConfig.deployDescriptor The path attribute with value [/Gimnasio_Web] in deployment descriptor [C:\Users\gasto\Documents\GitHub\ProjectPap-Frontend\apache-tomcat-10.1.13\conf\Catalina\localhost\Gimnasio_Web.xml] has been ignored
14-Sep-2023 08:46:46.101 INFO [main] org.apache.jasper.servlet.TldScanner.scanJars Al menos un JAR, que se ha explorado buscando TLDs, aún no contenía TLDs. Activar historial de depuración para este historiador para una completa lista de los JARs que fueron explorados y de los que nos se halló TLDs. Saltarse JARs no necesarios durante la exploración puede dar lugar a una mejora de tiempo significativa en el arranque y compilación de JSP .
14-Sep-2023 08:46:46.126 SEVERE [main] org.apache.catalina.core.StandardContext.startInternal One or more listeners failed to start. Full details will be found in the appropriate container log file
14-Sep-2023 08:46:46.156 SEVERE [main] org.apache.catalina.core.StandardContext.startInternal Falló en arranque del Contexto [/Gimnasio_Web] debido a errores previos
14-Sep-2023 08:46:46.169 INFO [main] org.apache.catalina.startup.HostConfig.deployDescriptor Deployment of deployment descriptor [C:\Users\gasto\Documents\GitHub\ProjectPap-Frontend\apache-tomcat-10.1.13\conf\Catalina\localhost\Gimnasio_Web.xml] has finished in [1.155] ms
14-Sep-2023 08:46:46.170 INFO [main] org.apache.catalina.startup.HostConfig.deployDirectory Desplegando el directorio [C:\Users\gasto\Documents\GitHub\ProjectPap-Frontend\apache-tomcat-10.1.13\webapps\docs] de la aplicación web
14-Sep-2023 08:46:46.209 INFO [main] org.apache.catalina.startup.HostConfig.deployDirectory Deployment of web application directory [C:\Users\gasto\Documents\GitHub\ProjectPap-Frontend\apache-tomcat-10.1.13\webapps\docs] has finished in [38] ms
14-Sep-2023 08:46:46.209 INFO [main] org.apache.catalina.startup.HostConfig.deployDirectory Desplegando el directorio [C:\Users\gasto\Documents\GitHub\ProjectPap-Frontend\apache-tomcat-10.1.13\webapps\examples] de la aplicación web
14-Sep-2023 08:46:46.485 INFO [main] org.apache.catalina.startup.HostConfig.deployDirectory Deployment of web application directory [C:\Users\gasto\Documents\GitHub\ProjectPap-Frontend\apache-tomcat-10.1.13\webapps\examples] has finished in [276] ms
14-Sep-2023 08:46:46.485 INFO [main] org.apache.catalina.startup.HostConfig.deployDirectory Desplegando el directorio [C:\Users\gasto\Documents\GitHub\ProjectPap-Frontend\apache-tomcat-10.1.13\webapps\host-manager] de la aplicación web
14-Sep-2023 08:46:46.514 INFO [main] org.apache.catalina.startup.HostConfig.deployDirectory Deployment of web application directory [C:\Users\gasto\Documents\GitHub\ProjectPap-Frontend\apache-tomcat-10.1.13\webapps\host-manager] has finished in [29] ms
14-Sep-2023 08:46:46.514 INFO [main] org.apache.catalina.startup.HostConfig.deployDirectory Desplegando el directorio [C:\Users\gasto\Documents\GitHub\ProjectPap-Frontend\apache-tomcat-10.1.13\webapps\manager] de la aplicación web
14-Sep-2023 08:46:46.553 INFO [main] org.apache.catalina.startup.HostConfig.deployDirectory Deployment of web application directory [C:\Users\gasto\Documents\GitHub\ProjectPap-Frontend\apache-tomcat-10.1.13\webapps\manager] has finished in [39] ms
14-Sep-2023 08:46:46.553 INFO [main] org.apache.catalina.startup.HostConfig.deployDirectory Desplegando el directorio [C:\Users\gasto\Documents\GitHub\ProjectPap-Frontend\apache-tomcat-10.1.13\webapps\ROOT] de la aplicación web
14-Sep-2023 08:46:46.568 INFO [main] org.apache.catalina.startup.HostConfig.deployDirectory Deployment of web application directory [C:\Users\gasto\Documents\GitHub\ProjectPap-Frontend\apache-tomcat-10.1.13\webapps\ROOT] has finished in [15] ms
14-Sep-2023 08:46:46.572 INFO [main] org.apache.coyote.AbstractProtocol.start Starting ProtocolHandler ["http-nio-8080"]
14-Sep-2023 08:46:46.602 INFO [main] org.apache.catalina.startup.Catalina.start Server startup in [1630] milliseconds
14-Sep-2023 08:46:46.699 INFO [http-nio-8080-exec-2] org.apache.catalina.util.LifecycleBase.stop The stop() method was called on component [StandardEngine[Catalina].StandardHost[localhost].StandardContext[/Gimnasio_Web]] after stop() had already been called. The second call will be ignored.
14-Sep-2023 08:46:47.212 INFO [http-nio-8080-exec-2] org.apache.catalina.startup.HostConfig.undeploy Repliegue (undeploy) de la aplicación web que tiene como trayectoria de contexto [/Gimnasio_Web]
14-Sep-2023 08:46:47.240 INFO [http-nio-8080-exec-6] org.apache.catalina.startup.HostConfig.deployDescriptor Desplieque del descriptor de configuración [C:\Users\gasto\Documents\GitHub\ProjectPap-Frontend\apache-tomcat-10.1.13\conf\Catalina\localhost\Gimnasio_Web.xml]
14-Sep-2023 08:46:47.241 WARNING [http-nio-8080-exec-6] org.apache.catalina.startup.HostConfig.deployDescriptor The path attribute with value [/Gimnasio_Web] in deployment descriptor [C:\Users\gasto\Documents\GitHub\ProjectPap-Frontend\apache-tomcat-10.1.13\conf\Catalina\localhost\Gimnasio_Web.xml] has been ignored
14-Sep-2023 08:46:47.918 INFO [http-nio-8080-exec-6] org.apache.jasper.servlet.TldScanner.scanJars Al menos un JAR, que se ha explorado buscando TLDs, aún no contenía TLDs. Activar historial de depuración para este historiador para una completa lista de los JARs que fueron explorados y de los que nos se halló TLDs. Saltarse JARs no necesarios durante la exploración puede dar lugar a una mejora de tiempo significativa en el arranque y compilación de JSP .
14-Sep-2023 08:46:47.920 SEVERE [http-nio-8080-exec-6] org.apache.catalina.core.StandardContext.startInternal One or more listeners failed to start. Full details will be found in the appropriate container log file
14-Sep-2023 08:46:47.921 SEVERE [http-nio-8080-exec-6] org.apache.catalina.core.StandardContext.startInternal Falló en arranque del Contexto [/Gimnasio_Web] debido a errores previos
14-Sep-2023 08:46:47.926 INFO [http-nio-8080-exec-6] org.apache.catalina.startup.HostConfig.deployDescriptor Deployment of deployment descriptor [C:\Users\gasto\Documents\GitHub\ProjectPap-Frontend\apache-tomcat-10.1.13\conf\Catalina\localhost\Gimnasio_Web.xml] has finished in [687] ms
14-Sep-2023 08:52:57.271 INFO [http-nio-8080-exec-15] org.apache.catalina.util.LifecycleBase.stop The stop() method was called on component [StandardEngine[Catalina].StandardHost[localhost].StandardContext[/Gimnasio_Web]] after stop() had already been called. The second call will be ignored.
14-Sep-2023 08:52:57.776 INFO [http-nio-8080-exec-15] org.apache.catalina.startup.HostConfig.undeploy Repliegue (undeploy) de la aplicación web que tiene como trayectoria de contexto [/Gimnasio_Web]
14-Sep-2023 08:52:57.796 INFO [http-nio-8080-exec-16] org.apache.catalina.startup.HostConfig.deployDescriptor Desplieque del descriptor de configuración [C:\Users\gasto\Documents\GitHub\ProjectPap-Frontend\apache-tomcat-10.1.13\conf\Catalina\localhost\Gimnasio_Web.xml]
14-Sep-2023 08:52:57.797 WARNING [http-nio-8080-exec-16] org.apache.catalina.startup.HostConfig.deployDescriptor The path attribute with value [/Gimnasio_Web] in deployment descriptor [C:\Users\gasto\Documents\GitHub\ProjectPap-Frontend\apache-tomcat-10.1.13\conf\Catalina\localhost\Gimnasio_Web.xml] has been ignored
14-Sep-2023 08:52:58.245 INFO [http-nio-8080-exec-16] org.apache.jasper.servlet.TldScanner.scanJars Al menos un JAR, que se ha explorado buscando TLDs, aún no contenía TLDs. Activar historial de depuración para este historiador para una completa lista de los JARs que fueron explorados y de los que nos se halló TLDs. Saltarse JARs no necesarios durante la exploración puede dar lugar a una mejora de tiempo significativa en el arranque y compilación de JSP .
14-Sep-2023 08:52:58.251 INFO [http-nio-8080-exec-16] org.apache.catalina.startup.HostConfig.deployDescriptor Deployment of deployment descriptor [C:\Users\gasto\Documents\GitHub\ProjectPap-Frontend\apache-tomcat-10.1.13\conf\Catalina\localhost\Gimnasio_Web.xml] has finished in [455] ms
14-Sep-2023 08:52:58.254 INFO [http-nio-8080-exec-17] org.apache.catalina.util.LifecycleBase.start The start() method was called on component [StandardEngine[Catalina].StandardHost[localhost].StandardContext[/Gimnasio_Web]] after start() had already been called. The second call will be ignored.
14-Sep-2023 09:33:31.679 INFO [main] org.apache.catalina.core.StandardServer.await Se ha recibido un comando de apagado a través del puerto de apagado. Parando la instancia del Servidor.
14-Sep-2023 09:33:31.682 INFO [main] org.apache.coyote.AbstractProtocol.pause Pausing ProtocolHandler ["http-nio-8080"]
14-Sep-2023 09:33:31.703 INFO [main] org.apache.catalina.core.StandardService.stopInternal Parando servicio [Catalina]
14-Sep-2023 09:33:31.739 INFO [main] org.apache.coyote.AbstractProtocol.stop Stopping ProtocolHandler ["http-nio-8080"]
14-Sep-2023 09:33:31.761 INFO [main] org.apache.coyote.AbstractProtocol.destroy Destroying ProtocolHandler ["http-nio-8080"]
14-Sep-2023 10:09:19.811 INFO [main] org.apache.catalina.startup.VersionLoggerListener.log Nombre de la versión del servidor: Apache Tomcat/10.1.13
14-Sep-2023 10:09:19.816 INFO [main] org.apache.catalina.startup.VersionLoggerListener.log Server built:                      Aug 23 2023 21:34:59 UTC
14-Sep-2023 10:09:19.816 INFO [main] org.apache.catalina.startup.VersionLoggerListener.log Número de versión de servidor:     10.1.13.0
14-Sep-2023 10:09:19.816 INFO [main] org.apache.catalina.startup.VersionLoggerListener.log OS Name:                           Windows 11
14-Sep-2023 10:09:19.816 INFO [main] org.apache.catalina.startup.VersionLoggerListener.log Versión de Systema Operativo:      10.0
14-Sep-2023 10:09:19.817 INFO [main] org.apache.catalina.startup.VersionLoggerListener.log Arquitectura:                      amd64
14-Sep-2023 10:09:19.817 INFO [main] org.apache.catalina.startup.VersionLoggerListener.log Java Home:                         C:\Program Files\Java\jdk-20
14-Sep-2023 10:09:19.817 INFO [main] org.apache.catalina.startup.VersionLoggerListener.log JVM Version:                       20.0.2+9-78
14-Sep-2023 10:09:19.817 INFO [main] org.apache.catalina.startup.VersionLoggerListener.log Vededor JVM:                       Oracle Corporation
14-Sep-2023 10:09:19.817 INFO [main] org.apache.catalina.startup.VersionLoggerListener.log CATALINA_BASE:                     C:\Users\gasto\Documents\GitHub\ProjectPap-Frontend\apache-tomcat-10.1.13
14-Sep-2023 10:09:19.817 INFO [main] org.apache.catalina.startup.VersionLoggerListener.log CATALINA_HOME:                     C:\Users\gasto\Documents\GitHub\ProjectPap-Frontend\apache-tomcat-10.1.13
14-Sep-2023 10:09:19.827 INFO [main] org.apache.catalina.startup.VersionLoggerListener.log Command line argument:             -Djava.util.logging.config.file=C:\Users\gasto\Documents\GitHub\ProjectPap-Frontend\apache-tomcat-10.1.13\conf\logging.properties
14-Sep-2023 10:09:19.827 INFO [main] org.apache.catalina.startup.VersionLoggerListener.log Command line argument:             -Djava.util.logging.manager=org.apache.juli.ClassLoaderLogManager
14-Sep-2023 10:09:19.827 INFO [main] org.apache.catalina.startup.VersionLoggerListener.log Command line argument:             -Djdk.tls.ephemeralDHKeySize=2048
14-Sep-2023 10:09:19.828 INFO [main] org.apache.catalina.startup.VersionLoggerListener.log Command line argument:             -Djava.protocol.handler.pkgs=org.apache.catalina.webresources
14-Sep-2023 10:09:19.828 INFO [main] org.apache.catalina.startup.VersionLoggerListener.log Command line argument:             --add-opens=java.base/java.lang=ALL-UNNAMED
14-Sep-2023 10:09:19.828 INFO [main] org.apache.catalina.startup.VersionLoggerListener.log Command line argument:             --add-opens=java.base/java.io=ALL-UNNAMED
14-Sep-2023 10:09:19.828 INFO [main] org.apache.catalina.startup.VersionLoggerListener.log Command line argument:             --add-opens=java.base/java.util=ALL-UNNAMED
14-Sep-2023 10:09:19.828 INFO [main] org.apache.catalina.startup.VersionLoggerListener.log Command line argument:             --add-opens=java.base/java.util.concurrent=ALL-UNNAMED
14-Sep-2023 10:09:19.828 INFO [main] org.apache.catalina.startup.VersionLoggerListener.log Command line argument:             --add-opens=java.rmi/sun.rmi.transport=ALL-UNNAMED
14-Sep-2023 10:09:19.829 INFO [main] org.apache.catalina.startup.VersionLoggerListener.log Command line argument:             -Dcatalina.base=C:\Users\gasto\Documents\GitHub\ProjectPap-Frontend\apache-tomcat-10.1.13
14-Sep-2023 10:09:19.830 INFO [main] org.apache.catalina.startup.VersionLoggerListener.log Command line argument:             -Dcatalina.home=C:\Users\gasto\Documents\GitHub\ProjectPap-Frontend\apache-tomcat-10.1.13
14-Sep-2023 10:09:19.830 INFO [main] org.apache.catalina.startup.VersionLoggerListener.log Command line argument:             -Djava.io.tmpdir=C:\Users\gasto\Documents\GitHub\ProjectPap-Frontend\apache-tomcat-10.1.13\temp
14-Sep-2023 10:09:19.832 INFO [main] org.apache.catalina.core.AprLifecycleListener.lifecycleEvent Cargada la biblioteca nativa APR de Apache Tomcat [2.0.5] con la versión APR [1.7.4].
14-Sep-2023 10:09:19.861 INFO [main] org.apache.catalina.core.AprLifecycleListener.initializeSSL OpenSSL inicializado correctamente [OpenSSL 3.0.10 1 Aug 2023]
14-Sep-2023 10:09:20.234 INFO [main] org.apache.coyote.AbstractProtocol.init Inicializando el manejador de protocolo ["http-nio-8080"]

14-Sep-2023 10:09:20.264 INFO [main] org.apache.catalina.startup.Catalina.load Server initialization in [635] milliseconds
14-Sep-2023 10:09:20.352 INFO [main] org.apache.catalina.core.StandardService.startInternal Arrancando servicio [Catalina]
14-Sep-2023 10:09:20.352 INFO [main] org.apache.catalina.core.StandardEngine.startInternal Starting Servlet engine: [Apache Tomcat/10.1.13]
14-Sep-2023 10:09:20.367 INFO [main] org.apache.catalina.startup.HostConfig.deployDescriptor Desplieque del descriptor de configuración [C:\Users\gasto\Documents\GitHub\ProjectPap-Frontend\apache-tomcat-10.1.13\conf\Catalina\localhost\Gimnasio_Web.xml]
14-Sep-2023 10:09:20.383 WARNING [main] org.apache.catalina.startup.HostConfig.deployDescriptor The path attribute with value [/Gimnasio_Web] in deployment descriptor [C:\Users\gasto\Documents\GitHub\ProjectPap-Frontend\apache-tomcat-10.1.13\conf\Catalina\localhost\Gimnasio_Web.xml] has been ignored
14-Sep-2023 10:09:21.292 INFO [main] org.apache.jasper.servlet.TldScanner.scanJars Al menos un JAR, que se ha explorado buscando TLDs, aún no contenía TLDs. Activar historial de depuración para este historiador para una completa lista de los JARs que fueron explorados y de los que nos se halló TLDs. Saltarse JARs no necesarios durante la exploración puede dar lugar a una mejora de tiempo significativa en el arranque y compilación de JSP .
14-Sep-2023 10:09:21.356 INFO [main] org.apache.catalina.startup.HostConfig.deployDescriptor Deployment of deployment descriptor [C:\Users\gasto\Documents\GitHub\ProjectPap-Frontend\apache-tomcat-10.1.13\conf\Catalina\localhost\Gimnasio_Web.xml] has finished in [989] ms
14-Sep-2023 10:09:21.356 INFO [main] org.apache.catalina.startup.HostConfig.deployDirectory Desplegando el directorio [C:\Users\gasto\Documents\GitHub\ProjectPap-Frontend\apache-tomcat-10.1.13\webapps\docs] de la aplicación web
14-Sep-2023 10:09:21.388 INFO [main] org.apache.catalina.startup.HostConfig.deployDirectory Deployment of web application directory [C:\Users\gasto\Documents\GitHub\ProjectPap-Frontend\apache-tomcat-10.1.13\webapps\docs] has finished in [32] ms
14-Sep-2023 10:09:21.388 INFO [main] org.apache.catalina.startup.HostConfig.deployDirectory Desplegando el directorio [C:\Users\gasto\Documents\GitHub\ProjectPap-Frontend\apache-tomcat-10.1.13\webapps\examples] de la aplicación web
14-Sep-2023 10:09:21.693 INFO [main] org.apache.catalina.startup.HostConfig.deployDirectory Deployment of web application directory [C:\Users\gasto\Documents\GitHub\ProjectPap-Frontend\apache-tomcat-10.1.13\webapps\examples] has finished in [305] ms
14-Sep-2023 10:09:21.693 INFO [main] org.apache.catalina.startup.HostConfig.deployDirectory Desplegando el directorio [C:\Users\gasto\Documents\GitHub\ProjectPap-Frontend\apache-tomcat-10.1.13\webapps\host-manager] de la aplicación web
14-Sep-2023 10:09:21.726 INFO [main] org.apache.catalina.startup.HostConfig.deployDirectory Deployment of web application directory [C:\Users\gasto\Documents\GitHub\ProjectPap-Frontend\apache-tomcat-10.1.13\webapps\host-manager] has finished in [33] ms
14-Sep-2023 10:09:21.726 INFO [main] org.apache.catalina.startup.HostConfig.deployDirectory Desplegando el directorio [C:\Users\gasto\Documents\GitHub\ProjectPap-Frontend\apache-tomcat-10.1.13\webapps\manager] de la aplicación web
14-Sep-2023 10:09:21.777 INFO [main] org.apache.catalina.startup.HostConfig.deployDirectory Deployment of web application directory [C:\Users\gasto\Documents\GitHub\ProjectPap-Frontend\apache-tomcat-10.1.13\webapps\manager] has finished in [51] ms
14-Sep-2023 10:09:21.778 INFO [main] org.apache.catalina.startup.HostConfig.deployDirectory Desplegando el directorio [C:\Users\gasto\Documents\GitHub\ProjectPap-Frontend\apache-tomcat-10.1.13\webapps\ROOT] de la aplicación web
14-Sep-2023 10:09:21.813 INFO [main] org.apache.catalina.startup.HostConfig.deployDirectory Deployment of web application directory [C:\Users\gasto\Documents\GitHub\ProjectPap-Frontend\apache-tomcat-10.1.13\webapps\ROOT] has finished in [36] ms
14-Sep-2023 10:09:21.816 INFO [main] org.apache.coyote.AbstractProtocol.start Starting ProtocolHandler ["http-nio-8080"]
14-Sep-2023 10:09:21.843 INFO [main] org.apache.catalina.startup.Catalina.start Server startup in [1565] milliseconds
14-Sep-2023 10:09:26.818 INFO [http-nio-8080-exec-9] org.apache.catalina.startup.HostConfig.undeploy Repliegue (undeploy) de la aplicación web que tiene como trayectoria de contexto [/Gimnasio_Web]
14-Sep-2023 10:09:26.862 INFO [http-nio-8080-exec-3] org.apache.catalina.startup.HostConfig.deployDescriptor Desplieque del descriptor de configuración [C:\Users\gasto\Documents\GitHub\ProjectPap-Frontend\apache-tomcat-10.1.13\conf\Catalina\localhost\Gimnasio_Web.xml]
14-Sep-2023 10:09:26.865 WARNING [http-nio-8080-exec-3] org.apache.catalina.startup.HostConfig.deployDescriptor The path attribute with value [/Gimnasio_Web] in deployment descriptor [C:\Users\gasto\Documents\GitHub\ProjectPap-Frontend\apache-tomcat-10.1.13\conf\Catalina\localhost\Gimnasio_Web.xml] has been ignored
14-Sep-2023 10:09:27.509 INFO [http-nio-8080-exec-3] org.apache.jasper.servlet.TldScanner.scanJars Al menos un JAR, que se ha explorado buscando TLDs, aún no contenía TLDs. Activar historial de depuración para este historiador para una completa lista de los JARs que fueron explorados y de los que nos se halló TLDs. Saltarse JARs no necesarios durante la exploración puede dar lugar a una mejora de tiempo significativa en el arranque y compilación de JSP .
14-Sep-2023 10:09:27.513 INFO [http-nio-8080-exec-3] org.apache.catalina.startup.HostConfig.deployDescriptor Deployment of deployment descriptor [C:\Users\gasto\Documents\GitHub\ProjectPap-Frontend\apache-tomcat-10.1.13\conf\Catalina\localhost\Gimnasio_Web.xml] has finished in [651] ms
14-Sep-2023 10:09:27.526 INFO [http-nio-8080-exec-4] org.apache.catalina.util.LifecycleBase.start The start() method was called on component [StandardEngine[Catalina].StandardHost[localhost].StandardContext[/Gimnasio_Web]] after start() had already been called. The second call will be ignored.
14-Sep-2023 10:13:31.319 INFO [http-nio-8080-exec-17] org.apache.catalina.startup.HostConfig.undeploy Repliegue (undeploy) de la aplicación web que tiene como trayectoria de contexto [/Gimnasio_Web]
14-Sep-2023 10:13:31.360 INFO [http-nio-8080-exec-13] org.apache.catalina.startup.HostConfig.deployDescriptor Desplieque del descriptor de configuración [C:\Users\gasto\Documents\GitHub\ProjectPap-Frontend\apache-tomcat-10.1.13\conf\Catalina\localhost\Gimnasio_Web.xml]
14-Sep-2023 10:13:31.363 WARNING [http-nio-8080-exec-13] org.apache.catalina.startup.HostConfig.deployDescriptor The path attribute with value [/Gimnasio_Web] in deployment descriptor [C:\Users\gasto\Documents\GitHub\ProjectPap-Frontend\apache-tomcat-10.1.13\conf\Catalina\localhost\Gimnasio_Web.xml] has been ignored
14-Sep-2023 10:13:32.083 INFO [http-nio-8080-exec-13] org.apache.jasper.servlet.TldScanner.scanJars Al menos un JAR, que se ha explorado buscando TLDs, aún no contenía TLDs. Activar historial de depuración para este historiador para una completa lista de los JARs que fueron explorados y de los que nos se halló TLDs. Saltarse JARs no necesarios durante la exploración puede dar lugar a una mejora de tiempo significativa en el arranque y compilación de JSP .
14-Sep-2023 10:13:32.085 INFO [http-nio-8080-exec-13] org.apache.catalina.startup.HostConfig.deployDescriptor Deployment of deployment descriptor [C:\Users\gasto\Documents\GitHub\ProjectPap-Frontend\apache-tomcat-10.1.13\conf\Catalina\localhost\Gimnasio_Web.xml] has finished in [725] ms
14-Sep-2023 10:13:32.087 INFO [http-nio-8080-exec-11] org.apache.catalina.util.LifecycleBase.start The start() method was called on component [StandardEngine[Catalina].StandardHost[localhost].StandardContext[/Gimnasio_Web]] after start() had already been called. The second call will be ignored.
